[23:56:36] [main/INFO]: Setting user: Player74
[23:56:39] [Client thread/INFO]: LWJGL Version: 2.9.1
[23:56:47] [Client thread/INFO]: Reloading ResourceManager: Default, FMLFileResourcePack:Forge Mod Loader, FMLFileResourcePack:Minecraft Forge, FMLFileResourcePack:ParticleX Physics
[23:56:48] [Sound Library Loader/INFO]: Sound engine started
[23:56:51] [Client thread/INFO]: Created: 512x256 textures/blocks-atlas
[23:56:52] [Client thread/INFO]: Created: 256x256 textures/items-atlas
[23:56:52] [Client thread/INFO]: Reloading ResourceManager: Default, FMLFileResourcePack:Forge Mod Loader, FMLFileResourcePack:Minecraft Forge, FMLFileResourcePack:ParticleX Physics
[23:56:52] [Client thread/INFO]: Created: 256x256 textures/items-atlas
[23:56:53] [Client thread/INFO]: Created: 512x256 textures/blocks-atlas
[23:56:53] [Sound Library Loader/INFO]: Sound engine started
[23:57:38] [Server thread/INFO]: Starting integrated minecraft server version 1.7.10
[23:57:38] [Server thread/INFO]: Generating keypair
[23:57:38] [Server thread/INFO]: Converting map!
[23:57:38] [Server thread/INFO]: Scanning folders...
[23:57:38] [Server thread/INFO]: Total conversion count is 0
[23:57:40] [Server thread/INFO]: Preparing start region for level 0
[23:57:40] [Server thread/INFO]: Changing view distance to 12, from 10
[23:57:41] [Server thread/INFO]: Player74[local:E:e2a787ab] logged in with entity id 0 at (1059.5, 4.0, -61.5)
[23:57:41] [Server thread/INFO]: Player74 joined the game
[23:57:53] [Server thread/INFO]: Saving and pausing game...
[23:57:53] [Server thread/INFO]: Saving chunks for level 'Test World'/Overworld
[23:57:53] [Server thread/INFO]: Saving chunks for level 'Test World'/Nether
[23:57:53] [Server thread/INFO]: Saving chunks for level 'Test World'/The End
[23:57:53] [Server thread/INFO]: Player74 has just earned the achievement [Taking Inventory]
[23:57:53] [Client thread/INFO]: [CHAT] Player74 has just earned the achievement [Taking Inventory]
[23:57:59] [Client thread/INFO]: [CHAT] minecraft:record_13, minecraft:cauldron, minecraft:heavy_weighted_pressure_plate, minecraft:wooden_pickaxe, minecraft:cooked_porkchop, minecraft:chainmail_leggings, minecraft:bread, minecraft:emerald_block, minecraft:birch_stairs, minecraft:melon_block, minecraft:iron_block, minecraft:item_frame, minecraft:comparator, minecraft:coal, minecraft:sapling, minecraft:compass, minecraft:diamond_shovel, minecraft:stone, minecraft:flowing_lava, minecraft:wheat_seeds, minecraft:diamond_horse_armor, minecraft:jukebox, minecraft:carrot_on_a_stick, minecraft:record_ward, minecraft:diamond_leggings, minecraft:gold_ingot, minecraft:cake, minecraft:record_mall, minecraft:diamond_boots, minecraft:cooked_beef, minecraft:writable_book, minecraft:flowing_water, minecraft:brick, minecraft:feather, minecraft:wool, minecraft:porkchop, minecraft:iron_horse_armor, minecraft:netherrack, minecraft:log2, minecraft:name_tag, minecraft:torch, minecraft:redstone_ore, minecraft:furnace, minecraft:fire_charge, minecraft:spruce_stairs, minecraft:stone_stairs, minecraft:ice, minecraft:reeds, minecraft:gunpowder, minecraft:double_plant, minecraft:carrot, minecraft:bucket, minecraft:golden_sword, minecraft:minecart, minecraft:brick_block, minecraft:nether_brick, minecraft:iron_helmet, minecraft:enchanting_table, minecraft:diamond, minecraft:stonebrick, minecraft:vine, minecraft:log, minecraft:repeater, minecraft:coal_block, minecraft:stone_button, minecraft:gold_block, minecraft:golden_horse_armor, minecraft:glass_bottle, minecraft:quartz_block, minecraft:end_portal, minecraft:fish, minecraft:quartz_ore, minecraft:stained_hardened_clay, minecraft:command_block, minecraft:bowl, minecraft:waterlily, minecraft:dark_oak_stairs, minecraft:oak_stairs, minecraft:grass, minecraft:mycelium, minecraft:cobblestone, minecraft:arrow, minecraft:quartz_stairs, minecraft:ender_chest, minecraft:quartz, minecraft:dirt, minecraft:bow, minecraft:anvil, minecraft:lava, minecraft:diamond_hoe, minecraft:lit_furnace, minecraft:diamond_block, minecraft:filled_map, minecraft:jungle_stairs, minecraft:melon, minecraft:chest_minecart, minecraft:stone_pressure_plate, minecraft:gold_ore, minecraft:golden_boots, minecraft:wooden_shovel, minecraft:hopper, minecraft:enchanted_book, minecraft:spider_eye, minecraft:baked_potato, minecraft:melon_seeds, minecraft:brown_mushroom, minecraft:yellow_flower, minecraft:redstone_torch, minecraft:hopper_minecart, minecraft:double_wooden_slab, minecraft:flint_and_steel, minecraft:string, minecraft:leaves2, minecraft:farmland, minecraft:nether_star, minecraft:brewing_stand, minecraft:glowstone, minecraft:apple, minecraft:boat, minecraft:record_wait, minecraft:potato, minecraft:pumpkin, minecraft:dragon_egg, minecraft:blaze_rod, minecraft:sandstone, minecraft:detector_rail, minecraft:light_weighted_pressure_plate, minecraft:golden_hoe, minecraft:painting, minecraft:stone_hoe, minecraft:golden_shovel, minecraft:iron_chestplate, minecraft:record_stal, minecraft:skull, minecraft:lava_bucket, minecraft:leather_chestplate, minecraft:stone_pickaxe, minecraft:record_mellohi, minecraft:cookie, minecraft:diamond_pickaxe, minecraft:cactus, minecraft:lapis_ore, minecraft:cooked_fished, minecraft:redstone_block, minecraft:sandstone_stairs, minecraft:blaze_powder, minecraft:diamond_helmet, minecraft:command_block_minecart, minecraft:clock, minecraft:iron_leggings, minecraft:wooden_hoe, minecraft:slime_ball, minecraft:rotten_flesh, minecraft:saddle, minecraft:acacia_stairs, minecraft:record_blocks, minecraft:potion, minecraft:experience_bottle, minecraft:redstone, minecraft:netherbrick, minecraft:brick_stairs, minecraft:mushroom_stew, minecraft:map, minecraft:daylight_detector, minecraft:water_bucket, minecraft:lead, minecraft:chicken, minecraft:piston, minecraft:snow_layer, minecraft:firework_charge, minecraft:nether_wart, minecraft:red_mushroom, minecraft:chest, minecraft:fishing_rod, minecraft:iron_sword, minecraft:sticky_piston, minecraft:coal_ore, minecraft:golden_pickaxe, minecraft:bedrock, minecraft:pumpkin_pie, minecraft:iron_hoe, minecraft:record_11, minecraft:gravel, ParticleX:itemMagnet, minecraft:crafting_table, minecraft:wheat, minecraft:wooden_pressure_plate, minecraft:pumpkin_seeds, minecraft:snowball, minecraft:iron_ingot, minecraft:lapis_block, minecraft:lever, minecraft:bone, minecraft:paper, minecraft:chainmail_chestplate, minecraft:leather, minecraft:end_portal_frame, minecraft:diamond_axe, minecraft:sign, minecraft:chainmail_helmet, minecraft:carrots, minecraft:noteblock, minecraft:glass, minecraft:fence, minecraft:clay_ball, minecraft:tallgrass, minecraft:milk_bucket, minecraft:packed_ice, minecraft:trapped_chest, minecraft:red_mushroom_block, minecraft:diamond_sword, minecraft:tnt_minecart, minecraft:flower_pot, minecraft:brown_mushroom_block, minecraft:emerald, minecraft:beacon, minecraft:gold_nugget, minecraft:red_flower, minecraft:golden_helmet, minecraft:dropper, minecraft:glass_pane, minecraft:leather_leggings, minecraft:iron_shovel, minecraft:book, minecraft:fire, minecraft:golden_apple, minecraft:dye, minecraft:leather_boots, minecraft:wooden_sword, minecraft:soul_sand, minecraft:diamond_ore, minecraft:deadbush, minecraft:fireworks, minecraft:speckled_melon, minecraft:bookshelf, minecraft:magma_cream, minecraft:redstone_lamp, minecraft:sand, minecraft:ender_pearl, minecraft:furnace_minecart, minecraft:iron_door, minecraft:snow, minecraft:wooden_door, minecraft:stone_brick_stairs, minecraft:portal, minecraft:chainmail_boots, minecraft:iron_boots, minecraft:golden_axe, minecraft:fence_gate, minecraft:ghast_tear, minecraft:obsidian, minecraft:diamond_chestplate, minecraft:ender_eye, minecraft:iron_pickaxe, minecraft:clay, minecraft:mossy_cobblestone, minecraft:stone_axe, minecraft:golden_carrot, minecraft:lit_pumpkin, minecraft:stick, minecraft:spawn_egg, minecraft:iron_ore, minecraft:web, minecraft:sugar, minecraft:golden_chestplate, minecraft:hay_block, minecraft:poisonous_potato, minecraft:nether_brick_stairs, minecraft:cooked_chicken, minecraft:wooden_button, minecraft:egg, minecraft:double_stone_slab, minecraft:wooden_axe, minecraft:tnt, minecraft:stone_slab, minecraft:potatoes, minecraft:emerald_ore, minecraft:beef, minecraft:record_cat, minecraft:leaves, minecraft:tripwire_hook, minecraft:fermented_spider_eye, minecraft:activator_rail, minecraft:trapdoor, minecraft:record_far, minecraft:leather_helmet, minecraft:written_book, minecraft:water, minecraft:golden_rail, minecraft:shears, minecraft:golden_leggings, minecraft:carpet, minecraft:flint, minecraft:nether_brick_fence, minecraft:record_strad, minecraft:planks, minecraft:glowstone_dust, minecraft:dispenser, minecraft:record_chirp, minecraft:hardened_clay, minecraft:bed, minecraft:stained_glass_pane, minecraft:sponge, minecraft:cocoa, minecraft:iron_bars, minecraft:stained_glass, minecraft:stone_sword, minecraft:rail, minecraft:monster_egg, minecraft:mob_spawner, minecraft:iron_axe, minecraft:wooden_slab, minecraft:stone_shovel, minecraft:cobblestone_wall, minecraft:ladder, minecraft:end_stone
[23:58:03] [Server thread/INFO]: [Player74: Given [item.null.name] * 1 to Player74]
[23:58:03] [Client thread/INFO]: [CHAT] Given [item.null.name] * 1 to Player74
[23:58:05] [Server thread/INFO]: Saving and pausing game...
[23:58:05] [Server thread/INFO]: Saving chunks for level 'Test World'/Overworld
[23:58:05] [Server thread/INFO]: Saving chunks for level 'Test World'/Nether
[23:58:05] [Server thread/INFO]: Saving chunks for level 'Test World'/The End
[23:58:14] [Server thread/INFO]: Player74 fell out of the world
[23:58:14] [Client thread/INFO]: [CHAT] Player74 fell out of the world
[23:58:14] [Client thread/INFO]: [CHAT] Ouch! That looked like it hurt
[23:58:21] [Server thread/INFO]: Player74 fell out of the world
[23:58:21] [Client thread/INFO]: [CHAT] Player74 fell out of the world
[23:58:21] [Client thread/INFO]: [CHAT] Ouch! That looked like it hurt
[23:58:29] [Server thread/INFO]: Player74 fell out of the world
[23:58:29] [Client thread/INFO]: [CHAT] Player74 fell out of the world
[23:58:29] [Client thread/INFO]: [CHAT] Ouch! That looked like it hurt
[23:58:36] [Server thread/INFO]: Saving and pausing game...
[23:58:36] [Server thread/INFO]: Saving chunks for level 'Test World'/Overworld
[23:58:36] [Server thread/INFO]: Saving chunks for level 'Test World'/Nether
[23:58:36] [Server thread/INFO]: Saving chunks for level 'Test World'/The End
[23:58:36] [Server thread/INFO]: Stopping server
[23:58:36] [Server thread/INFO]: Saving players
[23:58:36] [Server thread/INFO]: Saving worlds
[23:58:36] [Server thread/INFO]: Saving chunks for level 'Test World'/Overworld
[23:58:36] [Server thread/INFO]: Saving chunks for level 'Test World'/Nether
[23:58:36] [Server thread/INFO]: Saving chunks for level 'Test World'/The End
[23:58:42] [Client thread/INFO]: Stopping!
